[INFO]: Run Directory: /openlane/designs/iiitb_jc/runs/RUN_2022.09.13_06.59.46
[INFO]: Preparing LEF files for the nom corner...
[INFO]: Preparing LEF files for the min corner...
[INFO]: Preparing LEF files for the max corner...
[INFO]: Merging /openlane/designs/iiitb_jc/src/sky130_vsdinv.lef
[INFO]: Running Synthesis (log: designs/iiitb_jc/runs/RUN_2022.09.13_06.59.46/logs/synthesis/2-synthesis.log)...
[INFO]: Running Single-Corner Static Timing Analysis (log: designs/iiitb_jc/runs/RUN_2022.09.13_06.59.46/logs/synthesis/3-sta.log)...
[INFO]: Running Initial Floorplanning (log: designs/iiitb_jc/runs/RUN_2022.09.13_06.59.46/logs/floorplan/4-initial_fp.log)...
[WARNING]: Current core area is too small for a power grid. The power grid will be minimized.
[INFO]: Extracting core dimensions...
[INFO]: Set CORE_WIDTH to 37.72, CORE_HEIGHT to 35.36.
[INFO]: Running IO Placement...
[INFO]: Running Tap/Decap Insertion (log: designs/iiitb_jc/runs/RUN_2022.09.13_06.59.46/logs/floorplan/6-tap.log)...
[INFO]: Power planning with power {VPWR} and ground {VGND}...
[INFO]: Generating PDN (log: designs/iiitb_jc/runs/RUN_2022.09.13_06.59.46/logs/floorplan/7-pdn.log)...
[INFO]: Running Global Placement (log: designs/iiitb_jc/runs/RUN_2022.09.13_06.59.46/logs/placement/8-global.log)...
[INFO]: Running Placement Resizer Design Optimizations (log: designs/iiitb_jc/runs/RUN_2022.09.13_06.59.46/logs/placement/9-resizer.log)...
[INFO]: Writing Verilog...
[INFO]: Removing Buffers from Ports (If Applicable) (log: designs/iiitb_jc/runs/RUN_2022.09.13_06.59.46/logs/placement/11-remove_buffers.log)...
[INFO]: Running Detailed Placement (log: designs/iiitb_jc/runs/RUN_2022.09.13_06.59.46/logs/placement/12-detailed.log)...
[INFO]: Running Clock Tree Synthesis (log: designs/iiitb_jc/runs/RUN_2022.09.13_06.59.46/logs/cts/13-cts.log)...
[INFO]: Writing Verilog...
[INFO]: Routing...
[INFO]: Running Global Routing Resizer Timing Optimizations (log: designs/iiitb_jc/runs/RUN_2022.09.13_06.59.46/logs/routing/15-resizer.log)...
[INFO]: Writing Verilog...
[INFO]: Removing Buffers from Ports (If Applicable) (log: designs/iiitb_jc/runs/RUN_2022.09.13_06.59.46/logs/placement/17-remove_buffers.log)...
[INFO]: Running Detailed Placement (log: designs/iiitb_jc/runs/RUN_2022.09.13_06.59.46/logs/routing/18-diode_legalization.log)...
[INFO]: Running Global Routing...
[INFO]: Starting FastRoute Antenna Repair Iterations...
[INFO]: Running Fill Insertion (log: designs/iiitb_jc/runs/RUN_2022.09.13_06.59.46/logs/routing/20-fill.log)...
[INFO]: Writing Verilog...
[INFO]: Running Detailed Routing (log: designs/iiitb_jc/runs/RUN_2022.09.13_06.59.46/logs/routing/22-detailed.log)...
[INFO]: No DRC violations after detailed routing.
[INFO]: Writing Verilog...
